This file contains any messages produced by compilers while
running configure, to aid debugging if configure makes a mistake.

It was created by configure, which was
generated by GNU Autoconf 2.68.  Invocation command line was

  $ ./configure --build=i686-linux --host=arm-linux --target=arm-linux prefix=/usr/local/minigui/cross/arm/cortex-m3 build_alias=i686-linux host_alias=arm-linux target_alias=arm-linux CC=arm-uclinuxeabi-gcc CFLAGS=-I. -I./include -I/home/hujiafu/uclinux/cortexm_uclinux-master/cross_tools/arm-2010q1-uclinux/arm-uclinuxeabi/include/c++/4.4.1 -I/home/hujiafu/uclinux/cortexm_uclinux-master/cross_tools/arm-2010q1-uclinux/arm-uclinuxeabi/libc/usr/include -I/usr/local/minigui/cross/arm/cortex-m3/include -mcpu=cortex-m3 -mthumb -static LDFLAGS=-L/home/hujiafu/uclinux/cortexm_uclinux-master/cross_tools/arm-2010q1-uclinux/arm-uclinuxeabi/libc/usr/lib -L/usr/local/minigui/cross/arm/cortex-m3/lib CPP=arm-uclinuxeabi-cpp MINIGUI_LIBS=-lminigui_ths -lpng -lts -lc -ljpeg -lz -lm -lpthread --no-create --no-recursion

## --------- ##
## Platform. ##
## --------- ##

hostname = hujiafu-virtual-machine
uname -m = x86_64
uname -r = 3.2.0-90-generic
uname -s = Linux
uname -v = #128-Ubuntu SMP Fri Aug 14 21:43:58 UTC 2015

/usr/bin/uname -p = unknown
/bin/uname -X     = unknown

/bin/arch              = unknown
/usr/bin/arch -k       = unknown
/usr/convex/getsysinfo = unknown
/usr/bin/hostinfo      = unknown
/bin/machine           = unknown
/usr/bin/oslevel       = unknown
/bin/universe          = unknown

PATH: /usr/local/sbin
PATH: /usr/local/bin
PATH: /usr/sbin
PATH: /usr/bin
PATH: /sbin
PATH: /bin
PATH: /usr/games
PATH: /usr/local/arm/gcc-4.4.4-glibc-2.11.1-multilib-1.0/arm-fsl-linux-gnueabi/bin
PATH: /home/hujiafu/uclinux/git_uclinux/lpc1788_uclinux/cortexm_uclinux-master/cross_tools/arm-2010q1-uclinux/bin


## ----------- ##
## Core tests. ##
## ----------- ##

configure:2118: checking build system type
configure:2132: result: i686-pc-linux-gnu
configure:2152: checking host system type
configure:2165: result: arm-unknown-linux-gnu
configure:2185: checking target system type
configure:2198: result: arm-unknown-linux-gnu
configure:2226: checking whether make sets $(MAKE)
configure:2248: result: yes
configure:2265: checking for arm-linux-gcc
configure:2292: result: arm-uclinuxeabi-gcc
configure:2561: checking for C compiler version
configure:2570: arm-uclinuxeabi-gcc --version >&5
arm-uclinuxeabi-gcc (Sourcery G++ Lite 2010q1-189) 4.4.1
Copyright (C) 2009 Free Software Foundation, Inc.
This is free software; see the source for copying conditions.  There is NO
warranty; not even for MERCHANTABILITY or FITNESS FOR A PARTICULAR PURPOSE.

configure:2581: $? = 0
configure:2570: arm-uclinuxeabi-gcc -v >&5
Using built-in specs.
Target: arm-uclinuxeabi
Configured with: /scratch/julian/2010q1-release-uclinux-lite/src/gcc-4.4-2010q1/configure --build=i686-pc-linux-gnu --host=i686-pc-linux-gnu --target=arm-uclinuxeabi --enable-threads --disable-libmudflap --disable-libssp --disable-libstdcxx-pch --enable-extra-sgxxlite-multilibs --with-gnu-as --with-gnu-ld --with-specs='%{O2:%{!fno-remove-local-statics: -fremove-local-statics}} %{O*:%{O|O0|O1|O2|Os:;:%{!fno-remove-local-statics: -fremove-local-statics}}}' --enable-languages=c,c++ --disable-shared --disable-lto --with-pkgversion='Sourcery G++ Lite 2010q1-189' --with-bugurl=https://support.codesourcery.com/GNUToolchain/ --disable-nls --prefix=/opt/codesourcery --with-sysroot=/opt/codesourcery/arm-uclinuxeabi/libc --with-build-sysroot=/scratch/julian/2010q1-release-uclinux-lite/install/arm-uclinuxeabi/libc --with-gmp=/scratch/julian/2010q1-release-uclinux-lite/obj/host-libs-2010q1-189-arm-uclinuxeabi-i686-pc-linux-gnu/usr --with-mpfr=/scratch/julian/2010q1-release-uclinux-lite/obj/host-libs-2010q1-189-arm-uclinuxeabi-i686-pc-linux-gnu/usr --with-ppl=/scratch/julian/2010q1-release-uclinux-lite/obj/host-libs-2010q1-189-arm-uclinuxeabi-i686-pc-linux-gnu/usr --with-host-libstdcxx='-static-libgcc -Wl,-Bstatic,-lstdc++,-Bdynamic -lm' --with-cloog=/scratch/julian/2010q1-release-uclinux-lite/obj/host-libs-2010q1-189-arm-uclinuxeabi-i686-pc-linux-gnu/usr --disable-libgomp --enable-poison-system-directories --with-build-time-tools=/scratch/julian/2010q1-release-uclinux-lite/install/arm-uclinuxeabi/bin --with-build-time-tools=/scratch/julian/2010q1-release-uclinux-lite/install/arm-uclinuxeabi/bin
Thread model: single
gcc version 4.4.1 (Sourcery G++ Lite 2010q1-189) 
configure:2581: $? = 0
configure:2570: arm-uclinuxeabi-gcc -V >&5
arm-uclinuxeabi-gcc: '-V' option must have argument
configure:2581: $? = 1
configure:2570: arm-uclinuxeabi-gcc -qversion >&5
arm-uclinuxeabi-gcc: unrecognized option '-qversion'
arm-uclinuxeabi-gcc: no input files
configure:2581: $? = 1
configure:2601: checking whether the C compiler works
configure:2623: arm-uclinuxeabi-gcc -I. -I./include -I/home/hujiafu/uclinux/cortexm_uclinux-master/cross_tools/arm-2010q1-uclinux/arm-uclinuxeabi/include/c++/4.4.1 -I/home/hujiafu/uclinux/cortexm_uclinux-master/cross_tools/arm-2010q1-uclinux/arm-uclinuxeabi/libc/usr/include -I/usr/local/minigui/cross/arm/cortex-m3/include -mcpu=cortex-m3 -mthumb -static  -L/home/hujiafu/uclinux/cortexm_uclinux-master/cross_tools/arm-2010q1-uclinux/arm-uclinuxeabi/libc/usr/lib -L/usr/local/minigui/cross/arm/cortex-m3/lib conftest.c  >&5
configure:2627: $? = 0
configure:2675: result: yes
configure:2678: checking for C compiler default output file name
configure:2680: result: a.out
configure:2686: checking for suffix of executables
configure:2693: arm-uclinuxeabi-gcc -o conftest -I. -I./include -I/home/hujiafu/uclinux/cortexm_uclinux-master/cross_tools/arm-2010q1-uclinux/arm-uclinuxeabi/include/c++/4.4.1 -I/home/hujiafu/uclinux/cortexm_uclinux-master/cross_tools/arm-2010q1-uclinux/arm-uclinuxeabi/libc/usr/include -I/usr/local/minigui/cross/arm/cortex-m3/include -mcpu=cortex-m3 -mthumb -static  -L/home/hujiafu/uclinux/cortexm_uclinux-master/cross_tools/arm-2010q1-uclinux/arm-uclinuxeabi/libc/usr/lib -L/usr/local/minigui/cross/arm/cortex-m3/lib conftest.c  >&5
configure:2697: $? = 0
configure:2719: result: 
configure:2741: checking whether we are cross compiling
configure:2779: result: yes
configure:2784: checking for suffix of object files
configure:2806: arm-uclinuxeabi-gcc -c -I. -I./include -I/home/hujiafu/uclinux/cortexm_uclinux-master/cross_tools/arm-2010q1-uclinux/arm-uclinuxeabi/include/c++/4.4.1 -I/home/hujiafu/uclinux/cortexm_uclinux-master/cross_tools/arm-2010q1-uclinux/arm-uclinuxeabi/libc/usr/include -I/usr/local/minigui/cross/arm/cortex-m3/include -mcpu=cortex-m3 -mthumb -static  conftest.c >&5
configure:2810: $? = 0
configure:2831: result: o
configure:2835: checking whether we are using the GNU C compiler
configure:2854: arm-uclinuxeabi-gcc -c -I. -I./include -I/home/hujiafu/uclinux/cortexm_uclinux-master/cross_tools/arm-2010q1-uclinux/arm-uclinuxeabi/include/c++/4.4.1 -I/home/hujiafu/uclinux/cortexm_uclinux-master/cross_tools/arm-2010q1-uclinux/arm-uclinuxeabi/libc/usr/include -I/usr/local/minigui/cross/arm/cortex-m3/include -mcpu=cortex-m3 -mthumb -static  conftest.c >&5
configure:2854: $? = 0
configure:2863: result: yes
configure:2872: checking whether arm-uclinuxeabi-gcc accepts -g
configure:2892: arm-uclinuxeabi-gcc -c -g  conftest.c >&5
configure:2892: $? = 0
configure:2933: result: yes
configure:2950: checking for arm-uclinuxeabi-gcc option to accept ISO C89
configure:3014: arm-uclinuxeabi-gcc  -c -I. -I./include -I/home/hujiafu/uclinux/cortexm_uclinux-master/cross_tools/arm-2010q1-uclinux/arm-uclinuxeabi/include/c++/4.4.1 -I/home/hujiafu/uclinux/cortexm_uclinux-master/cross_tools/arm-2010q1-uclinux/arm-uclinuxeabi/libc/usr/include -I/usr/local/minigui/cross/arm/cortex-m3/include -mcpu=cortex-m3 -mthumb -static  conftest.c >&5
configure:3014: $? = 0
configure:3027: result: none needed
configure:3064: checking for a BSD-compatible install
configure:3132: result: /usr/bin/install -c
configure:3143: checking whether build environment is sane
configure:3193: result: yes
configure:3242: checking for arm-linux-strip
configure:3258: found /usr/local/arm/gcc-4.4.4-glibc-2.11.1-multilib-1.0/arm-fsl-linux-gnueabi/bin/arm-linux-strip
configure:3269: result: arm-linux-strip
configure:3334: checking for a thread-safe mkdir -p
configure:3373: result: /bin/mkdir -p
configure:3386: checking for gawk
configure:3402: found /usr/bin/gawk
configure:3413: result: gawk
configure:3445: checking for style of include used by make
configure:3473: result: GNU
configure:3559: checking dependency style of arm-uclinuxeabi-gcc
configure:3670: result: gcc3
configure:3688: checking for an ANSI C-conforming const
configure:3753: arm-uclinuxeabi-gcc -c -I. -I./include -I/home/hujiafu/uclinux/cortexm_uclinux-master/cross_tools/arm-2010q1-uclinux/arm-uclinuxeabi/include/c++/4.4.1 -I/home/hujiafu/uclinux/cortexm_uclinux-master/cross_tools/arm-2010q1-uclinux/arm-uclinuxeabi/libc/usr/include -I/usr/local/minigui/cross/arm/cortex-m3/include -mcpu=cortex-m3 -mthumb -static  conftest.c >&5
configure:3753: $? = 0
configure:3760: result: yes
configure:3774: checking how to run the C preprocessor
configure:3844: result: arm-uclinuxeabi-cpp
configure:3864: arm-uclinuxeabi-cpp  conftest.c
configure:3864: $? = 0
configure:3878: arm-uclinuxeabi-cpp  conftest.c
conftest.c:11: fatal error: ac_nonexistent.h: No such file or directory
compilation terminated.
configure:3878: $? = 1
configure: failed program was:
| /* confdefs.h */
| #define PACKAGE_NAME ""
| #define PACKAGE_TARNAME ""
| #define PACKAGE_VERSION ""
| #define PACKAGE_STRING ""
| #define PACKAGE_BUGREPORT ""
| #define PACKAGE_URL ""
| #define PACKAGE "mg-samples"
| #define VERSION "3.0.12"
| /* end confdefs.h.  */
| #include <ac_nonexistent.h>
configure:3907: checking for grep that handles long lines and -e
configure:3965: result: /bin/grep
configure:3970: checking for egrep
configure:4032: result: /bin/grep -E
configure:4037: checking for ANSI C header files
configure:4057: arm-uclinuxeabi-gcc -c -I. -I./include -I/home/hujiafu/uclinux/cortexm_uclinux-master/cross_tools/arm-2010q1-uclinux/arm-uclinuxeabi/include/c++/4.4.1 -I/home/hujiafu/uclinux/cortexm_uclinux-master/cross_tools/arm-2010q1-uclinux/arm-uclinuxeabi/libc/usr/include -I/usr/local/minigui/cross/arm/cortex-m3/include -mcpu=cortex-m3 -mthumb -static  conftest.c >&5
configure:4057: $? = 0
configure:4141: result: yes
configure:4149: checking for sys/wait.h that is POSIX.1 compatible
configure:4175: arm-uclinuxeabi-gcc -c -I. -I./include -I/home/hujiafu/uclinux/cortexm_uclinux-master/cross_tools/arm-2010q1-uclinux/arm-uclinuxeabi/include/c++/4.4.1 -I/home/hujiafu/uclinux/cortexm_uclinux-master/cross_tools/arm-2010q1-uclinux/arm-uclinuxeabi/libc/usr/include -I/usr/local/minigui/cross/arm/cortex-m3/include -mcpu=cortex-m3 -mthumb -static  conftest.c >&5
configure:4175: $? = 0
configure:4182: result: yes
configure:4190: checking whether time.h and sys/time.h may both be included
configure:4210: arm-uclinuxeabi-gcc -c -I. -I./include -I/home/hujiafu/uclinux/cortexm_uclinux-master/cross_tools/arm-2010q1-uclinux/arm-uclinuxeabi/include/c++/4.4.1 -I/home/hujiafu/uclinux/cortexm_uclinux-master/cross_tools/arm-2010q1-uclinux/arm-uclinuxeabi/libc/usr/include -I/usr/local/minigui/cross/arm/cortex-m3/include -mcpu=cortex-m3 -mthumb -static  conftest.c >&5
configure:4210: $? = 0
configure:4217: result: yes
configure:4230: checking for sys/types.h
configure:4230: arm-uclinuxeabi-gcc -c -I. -I./include -I/home/hujiafu/uclinux/cortexm_uclinux-master/cross_tools/arm-2010q1-uclinux/arm-uclinuxeabi/include/c++/4.4.1 -I/home/hujiafu/uclinux/cortexm_uclinux-master/cross_tools/arm-2010q1-uclinux/arm-uclinuxeabi/libc/usr/include -I/usr/local/minigui/cross/arm/cortex-m3/include -mcpu=cortex-m3 -mthumb -static  conftest.c >&5
configure:4230: $? = 0
configure:4230: result: yes
configure:4230: checking for sys/stat.h
configure:4230: arm-uclinuxeabi-gcc -c -I. -I./include -I/home/hujiafu/uclinux/cortexm_uclinux-master/cross_tools/arm-2010q1-uclinux/arm-uclinuxeabi/include/c++/4.4.1 -I/home/hujiafu/uclinux/cortexm_uclinux-master/cross_tools/arm-2010q1-uclinux/arm-uclinuxeabi/libc/usr/include -I/usr/local/minigui/cross/arm/cortex-m3/include -mcpu=cortex-m3 -mthumb -static  conftest.c >&5
configure:4230: $? = 0
configure:4230: result: yes
configure:4230: checking for stdlib.h
configure:4230: arm-uclinuxeabi-gcc -c -I. -I./include -I/home/hujiafu/uclinux/cortexm_uclinux-master/cross_tools/arm-2010q1-uclinux/arm-uclinuxeabi/include/c++/4.4.1 -I/home/hujiafu/uclinux/cortexm_uclinux-master/cross_tools/arm-2010q1-uclinux/arm-uclinuxeabi/libc/usr/include -I/usr/local/minigui/cross/arm/cortex-m3/include -mcpu=cortex-m3 -mthumb -static  conftest.c >&5
configure:4230: $? = 0
configure:4230: result: yes
configure:4230: checking for string.h
configure:4230: arm-uclinuxeabi-gcc -c -I. -I./include -I/home/hujiafu/uclinux/cortexm_uclinux-master/cross_tools/arm-2010q1-uclinux/arm-uclinuxeabi/include/c++/4.4.1 -I/home/hujiafu/uclinux/cortexm_uclinux-master/cross_tools/arm-2010q1-uclinux/arm-uclinuxeabi/libc/usr/include -I/usr/local/minigui/cross/arm/cortex-m3/include -mcpu=cortex-m3 -mthumb -static  conftest.c >&5
configure:4230: $? = 0
configure:4230: result: yes
configure:4230: checking for memory.h
configure:4230: arm-uclinuxeabi-gcc -c -I. -I./include -I/home/hujiafu/uclinux/cortexm_uclinux-master/cross_tools/arm-2010q1-uclinux/arm-uclinuxeabi/include/c++/4.4.1 -I/home/hujiafu/uclinux/cortexm_uclinux-master/cross_tools/arm-2010q1-uclinux/arm-uclinuxeabi/libc/usr/include -I/usr/local/minigui/cross/arm/cortex-m3/include -mcpu=cortex-m3 -mthumb -static  conftest.c >&5
configure:4230: $? = 0
configure:4230: result: yes
configure:4230: checking for strings.h
configure:4230: arm-uclinuxeabi-gcc -c -I. -I./include -I/home/hujiafu/uclinux/cortexm_uclinux-master/cross_tools/arm-2010q1-uclinux/arm-uclinuxeabi/include/c++/4.4.1 -I/home/hujiafu/uclinux/cortexm_uclinux-master/cross_tools/arm-2010q1-uclinux/arm-uclinuxeabi/libc/usr/include -I/usr/local/minigui/cross/arm/cortex-m3/include -mcpu=cortex-m3 -mthumb -static  conftest.c >&5
configure:4230: $? = 0
configure:4230: result: yes
configure:4230: checking for inttypes.h
configure:4230: arm-uclinuxeabi-gcc -c -I. -I./include -I/home/hujiafu/uclinux/cortexm_uclinux-master/cross_tools/arm-2010q1-uclinux/arm-uclinuxeabi/include/c++/4.4.1 -I/home/hujiafu/uclinux/cortexm_uclinux-master/cross_tools/arm-2010q1-uclinux/arm-uclinuxeabi/libc/usr/include -I/usr/local/minigui/cross/arm/cortex-m3/include -mcpu=cortex-m3 -mthumb -static  conftest.c >&5
configure:4230: $? = 0
configure:4230: result: yes
configure:4230: checking for stdint.h
configure:4230: arm-uclinuxeabi-gcc -c -I. -I./include -I/home/hujiafu/uclinux/cortexm_uclinux-master/cross_tools/arm-2010q1-uclinux/arm-uclinuxeabi/include/c++/4.4.1 -I/home/hujiafu/uclinux/cortexm_uclinux-master/cross_tools/arm-2010q1-uclinux/arm-uclinuxeabi/libc/usr/include -I/usr/local/minigui/cross/arm/cortex-m3/include -mcpu=cortex-m3 -mthumb -static  conftest.c >&5
configure:4230: $? = 0
configure:4230: result: yes
configure:4230: checking for unistd.h
configure:4230: arm-uclinuxeabi-gcc -c -I. -I./include -I/home/hujiafu/uclinux/cortexm_uclinux-master/cross_tools/arm-2010q1-uclinux/arm-uclinuxeabi/include/c++/4.4.1 -I/home/hujiafu/uclinux/cortexm_uclinux-master/cross_tools/arm-2010q1-uclinux/arm-uclinuxeabi/libc/usr/include -I/usr/local/minigui/cross/arm/cortex-m3/include -mcpu=cortex-m3 -mthumb -static  conftest.c >&5
configure:4230: $? = 0
configure:4230: result: yes
configure:4245: checking sys/time.h usability
configure:4245: arm-uclinuxeabi-gcc -c -I. -I./include -I/home/hujiafu/uclinux/cortexm_uclinux-master/cross_tools/arm-2010q1-uclinux/arm-uclinuxeabi/include/c++/4.4.1 -I/home/hujiafu/uclinux/cortexm_uclinux-master/cross_tools/arm-2010q1-uclinux/arm-uclinuxeabi/libc/usr/include -I/usr/local/minigui/cross/arm/cortex-m3/include -mcpu=cortex-m3 -mthumb -static  conftest.c >&5
configure:4245: $? = 0
configure:4245: result: yes
configure:4245: checking sys/time.h presence
configure:4245: arm-uclinuxeabi-cpp  conftest.c
configure:4245: $? = 0
configure:4245: result: yes
configure:4245: checking for sys/time.h
configure:4245: result: yes
configure:4245: checking for unistd.h
configure:4245: result: yes
configure:4259: checking minigui/common.h usability
configure:4259: arm-uclinuxeabi-gcc -c -I. -I./include -I/home/hujiafu/uclinux/cortexm_uclinux-master/cross_tools/arm-2010q1-uclinux/arm-uclinuxeabi/include/c++/4.4.1 -I/home/hujiafu/uclinux/cortexm_uclinux-master/cross_tools/arm-2010q1-uclinux/arm-uclinuxeabi/libc/usr/include -I/usr/local/minigui/cross/arm/cortex-m3/include -mcpu=cortex-m3 -mthumb -static  conftest.c >&5
In file included from /usr/local/minigui/cross/arm/cortex-m3/include/minigui/common.h:59,
                 from conftest.c:58:
/usr/local/minigui/cross/arm/cortex-m3/include/minigui/mgconfig.h:140: warning: "PACKAGE_NAME" redefined
conftest.c:2: note: this is the location of the previous definition
/usr/local/minigui/cross/arm/cortex-m3/include/minigui/mgconfig.h:143: warning: "PACKAGE_STRING" redefined
conftest.c:5: note: this is the location of the previous definition
/usr/local/minigui/cross/arm/cortex-m3/include/minigui/mgconfig.h:146: warning: "PACKAGE_TARNAME" redefined
conftest.c:3: note: this is the location of the previous definition
/usr/local/minigui/cross/arm/cortex-m3/include/minigui/mgconfig.h:152: warning: "PACKAGE_VERSION" redefined
conftest.c:4: note: this is the location of the previous definition
configure:4259: $? = 0
configure:4259: result: yes
configure:4259: checking minigui/common.h presence
configure:4259: arm-uclinuxeabi-cpp  conftest.c
conftest.c:25: fatal error: minigui/common.h: No such file or directory
compilation terminated.
configure:4259: $? = 1
configure: failed program was:
| /* confdefs.h */
| #define PACKAGE_NAME ""
| #define PACKAGE_TARNAME ""
| #define PACKAGE_VERSION ""
| #define PACKAGE_STRING ""
| #define PACKAGE_BUGREPORT ""
| #define PACKAGE_URL ""
| #define PACKAGE "mg-samples"
| #define VERSION "3.0.12"
| #define STDC_HEADERS 1
| #define HAVE_SYS_WAIT_H 1
| #define TIME_WITH_SYS_TIME 1
| #define HAVE_SYS_TYPES_H 1
| #define HAVE_SYS_STAT_H 1
| #define HAVE_STDLIB_H 1
| #define HAVE_STRING_H 1
| #define HAVE_MEMORY_H 1
| #define HAVE_STRINGS_H 1
| #define HAVE_INTTYPES_H 1
| #define HAVE_STDINT_H 1
| #define HAVE_UNISTD_H 1
| #define HAVE_SYS_TIME_H 1
| #define HAVE_UNISTD_H 1
| /* end confdefs.h.  */
| #include <minigui/common.h>
configure:4259: result: no
configure:4259: WARNING: minigui/common.h: accepted by the compiler, rejected by the preprocessor!
configure:4259: WARNING: minigui/common.h: proceeding with the compiler's result
configure:4259: checking for minigui/common.h
configure:4259: result: yes
configure:4273: checking whether __NOUNIX__ is declared
configure:4273: arm-uclinuxeabi-gcc -c -I. -I./include -I/home/hujiafu/uclinux/cortexm_uclinux-master/cross_tools/arm-2010q1-uclinux/arm-uclinuxeabi/include/c++/4.4.1 -I/home/hujiafu/uclinux/cortexm_uclinux-master/cross_tools/arm-2010q1-uclinux/arm-uclinuxeabi/libc/usr/include -I/usr/local/minigui/cross/arm/cortex-m3/include -mcpu=cortex-m3 -mthumb -static  conftest.c >&5
conftest.c: In function 'main':
conftest.c:66: error: '__NOUNIX__' undeclared (first use in this function)
conftest.c:66: error: (Each undeclared identifier is reported only once
conftest.c:66: error: for each function it appears in.)
configure:4273: $? = 1
configure: failed program was:
| /* confdefs.h */
| #define PACKAGE_NAME ""
| #define PACKAGE_TARNAME ""
| #define PACKAGE_VERSION ""
| #define PACKAGE_STRING ""
| #define PACKAGE_BUGREPORT ""
| #define PACKAGE_URL ""
| #define PACKAGE "mg-samples"
| #define VERSION "3.0.12"
| #define STDC_HEADERS 1
| #define HAVE_SYS_WAIT_H 1
| #define TIME_WITH_SYS_TIME 1
| #define HAVE_SYS_TYPES_H 1
| #define HAVE_SYS_STAT_H 1
| #define HAVE_STDLIB_H 1
| #define HAVE_STRING_H 1
| #define HAVE_MEMORY_H 1
| #define HAVE_STRINGS_H 1
| #define HAVE_INTTYPES_H 1
| #define HAVE_STDINT_H 1
| #define HAVE_UNISTD_H 1
| #define HAVE_SYS_TIME_H 1
| #define HAVE_UNISTD_H 1
| #define HAVE_MINIGUI_COMMON_H 1
| /* end confdefs.h.  */
| #include <stdio.h>
| #ifdef HAVE_SYS_TYPES_H
| # include <sys/types.h>
| #endif
| #ifdef HAVE_SYS_STAT_H
| # include <sys/stat.h>
| #endif
| #ifdef STDC_HEADERS
| # include <stdlib.h>
| # include <stddef.h>
| #else
| # ifdef HAVE_STDLIB_H
| #  include <stdlib.h>
| # endif
| #endif
| #ifdef HAVE_STRING_H
| # if !defined STDC_HEADERS && defined HAVE_MEMORY_H
| #  include <memory.h>
| # endif
| # include <string.h>
| #endif
| #ifdef HAVE_STRINGS_H
| # include <strings.h>
| #endif
| #ifdef HAVE_INTTYPES_H
| # include <inttypes.h>
| #endif
| #ifdef HAVE_STDINT_H
| # include <stdint.h>
| #endif
| #ifdef HAVE_UNISTD_H
| # include <unistd.h>
| #endif
| int
| main ()
| {
| #ifndef __NOUNIX__
| #ifdef __cplusplus
|   (void) __NOUNIX__;
| #else
|   (void) __NOUNIX__;
| #endif
| #endif
| 
|   ;
|   return 0;
| }
configure:4273: result: no
configure:4291: checking whether _MGRM_PROCESSES is declared
configure:4291: arm-uclinuxeabi-gcc -c -I. -I./include -I/home/hujiafu/uclinux/cortexm_uclinux-master/cross_tools/arm-2010q1-uclinux/arm-uclinuxeabi/include/c++/4.4.1 -I/home/hujiafu/uclinux/cortexm_uclinux-master/cross_tools/arm-2010q1-uclinux/arm-uclinuxeabi/libc/usr/include -I/usr/local/minigui/cross/arm/cortex-m3/include -mcpu=cortex-m3 -mthumb -static  conftest.c >&5
In file included from /usr/local/minigui/cross/arm/cortex-m3/include/minigui/common.h:59,
                 from conftest.c:27:
/usr/local/minigui/cross/arm/cortex-m3/include/minigui/mgconfig.h:140: warning: "PACKAGE_NAME" redefined
conftest.c:2: note: this is the location of the previous definition
/usr/local/minigui/cross/arm/cortex-m3/include/minigui/mgconfig.h:143: warning: "PACKAGE_STRING" redefined
conftest.c:5: note: this is the location of the previous definition
/usr/local/minigui/cross/arm/cortex-m3/include/minigui/mgconfig.h:146: warning: "PACKAGE_TARNAME" redefined
conftest.c:3: note: this is the location of the previous definition
/usr/local/minigui/cross/arm/cortex-m3/include/minigui/mgconfig.h:152: warning: "PACKAGE_VERSION" redefined
conftest.c:4: note: this is the location of the previous definition
conftest.c: In function 'main':
conftest.c:36: error: '_MGRM_PROCESSES' undeclared (first use in this function)
conftest.c:36: error: (Each undeclared identifier is reported only once
conftest.c:36: error: for each function it appears in.)
configure:4291: $? = 1
configure: failed program was:
| /* confdefs.h */
| #define PACKAGE_NAME ""
| #define PACKAGE_TARNAME ""
| #define PACKAGE_VERSION ""
| #define PACKAGE_STRING ""
| #define PACKAGE_BUGREPORT ""
| #define PACKAGE_URL ""
| #define PACKAGE "mg-samples"
| #define VERSION "3.0.12"
| #define STDC_HEADERS 1
| #define HAVE_SYS_WAIT_H 1
| #define TIME_WITH_SYS_TIME 1
| #define HAVE_SYS_TYPES_H 1
| #define HAVE_SYS_STAT_H 1
| #define HAVE_STDLIB_H 1
| #define HAVE_STRING_H 1
| #define HAVE_MEMORY_H 1
| #define HAVE_STRINGS_H 1
| #define HAVE_INTTYPES_H 1
| #define HAVE_STDINT_H 1
| #define HAVE_UNISTD_H 1
| #define HAVE_SYS_TIME_H 1
| #define HAVE_UNISTD_H 1
| #define HAVE_MINIGUI_COMMON_H 1
| #define HAVE_DECL___NOUNIX__ 0
| /* end confdefs.h.  */
| #include <minigui/common.h>
| 
| int
| main ()
| {
| #ifndef _MGRM_PROCESSES
| #ifdef __cplusplus
|   (void) _MGRM_PROCESSES;
| #else
|   (void) _MGRM_PROCESSES;
| #endif
| #endif
| 
|   ;
|   return 0;
| }
configure:4291: result: no
configure:4359: checking for arm-linux-pkg-config
configure:4392: result: no
configure:4402: checking for pkg-config
configure:4420: found /usr/bin/pkg-config
configure:4432: result: /usr/bin/pkg-config
configure:4444: WARNING: using cross tools not prefixed with host triplet
configure:4457: checking pkg-config is at least version 0.9.0
configure:4460: result: yes
configure:4470: checking for MINIGUI
configure:4477: $PKG_CONFIG --exists --print-errors "minigui >= 3.0.10"
Package minigui was not found in the pkg-config search path.
Perhaps you should add the directory containing `minigui.pc'
to the PKG_CONFIG_PATH environment variable
No package 'minigui' found
configure:4480: $? = 1
configure:4511: result: no
No package 'minigui' found
configure:4527: error: Package requirements (minigui >= 3.0.10) were not met:

No package 'minigui' found

Consider adjusting the PKG_CONFIG_PATH environment variable if you
installed software in a non-standard prefix.

Alternatively, you may set the environment variables MINIGUI_CFLAGS
and MINIGUI_LIBS to avoid the need to call pkg-config.
See the pkg-config man page for more details.

## ---------------- ##
## Cache variables. ##
## ---------------- ##

ac_cv_build=i686-pc-linux-gnu
ac_cv_c_compiler_gnu=yes
ac_cv_c_const=yes
ac_cv_env_CC_set=set
ac_cv_env_CC_value=arm-uclinuxeabi-gcc
ac_cv_env_CFLAGS_set=set
ac_cv_env_CFLAGS_value='-I. -I./include -I/home/hujiafu/uclinux/cortexm_uclinux-master/cross_tools/arm-2010q1-uclinux/arm-uclinuxeabi/include/c++/4.4.1 -I/home/hujiafu/uclinux/cortexm_uclinux-master/cross_tools/arm-2010q1-uclinux/arm-uclinuxeabi/libc/usr/include -I/usr/local/minigui/cross/arm/cortex-m3/include -mcpu=cortex-m3 -mthumb -static'
ac_cv_env_CPPFLAGS_set=
ac_cv_env_CPPFLAGS_value=
ac_cv_env_CPP_set=set
ac_cv_env_CPP_value=arm-uclinuxeabi-cpp
ac_cv_env_LDFLAGS_set=set
ac_cv_env_LDFLAGS_value='-L/home/hujiafu/uclinux/cortexm_uclinux-master/cross_tools/arm-2010q1-uclinux/arm-uclinuxeabi/libc/usr/lib -L/usr/local/minigui/cross/arm/cortex-m3/lib'
ac_cv_env_LIBS_set=
ac_cv_env_LIBS_value=
ac_cv_env_MINIGUI_CFLAGS_set=
ac_cv_env_MINIGUI_CFLAGS_value=
ac_cv_env_MINIGUI_LIBS_set=set
ac_cv_env_MINIGUI_LIBS_value='-lminigui_ths -lpng -lts -lc -ljpeg -lz -lm -lpthread'
ac_cv_env_PKG_CONFIG_LIBDIR_set=
ac_cv_env_PKG_CONFIG_LIBDIR_value=
ac_cv_env_PKG_CONFIG_PATH_set=
ac_cv_env_PKG_CONFIG_PATH_value=
ac_cv_env_PKG_CONFIG_set=
ac_cv_env_PKG_CONFIG_value=
ac_cv_env_build_alias_set=set
ac_cv_env_build_alias_value=i686-linux
ac_cv_env_host_alias_set=set
ac_cv_env_host_alias_value=arm-linux
ac_cv_env_target_alias_set=set
ac_cv_env_target_alias_value=arm-linux
ac_cv_have_decl__MGRM_PROCESSES=no
ac_cv_have_decl___NOUNIX__=no
ac_cv_header_inttypes_h=yes
ac_cv_header_memory_h=yes
ac_cv_header_minigui_common_h=yes
ac_cv_header_stdc=yes
ac_cv_header_stdint_h=yes
ac_cv_header_stdlib_h=yes
ac_cv_header_string_h=yes
ac_cv_header_strings_h=yes
ac_cv_header_sys_stat_h=yes
ac_cv_header_sys_time_h=yes
ac_cv_header_sys_types_h=yes
ac_cv_header_sys_wait_h=yes
ac_cv_header_time=yes
ac_cv_header_unistd_h=yes
ac_cv_host=arm-unknown-linux-gnu
ac_cv_objext=o
ac_cv_path_EGREP='/bin/grep -E'
ac_cv_path_GREP=/bin/grep
ac_cv_path_ac_pt_PKG_CONFIG=/usr/bin/pkg-config
ac_cv_path_install='/usr/bin/install -c'
ac_cv_path_mkdir=/bin/mkdir
ac_cv_prog_AWK=gawk
ac_cv_prog_CC=arm-uclinuxeabi-gcc
ac_cv_prog_CPP=arm-uclinuxeabi-cpp
ac_cv_prog_STRIP=arm-linux-strip
ac_cv_prog_cc_c89=
ac_cv_prog_cc_g=yes
ac_cv_prog_make_make_set=yes
ac_cv_target=arm-unknown-linux-gnu
am_cv_CC_dependencies_compiler_type=gcc3
pkg_cv_MINIGUI_LIBS='-lminigui_ths -lpng -lts -lc -ljpeg -lz -lm -lpthread'

## ----------------- ##
## Output variables. ##
## ----------------- ##

ACLOCAL='${SHELL} /home/hujiafu/minigui/mg-sample-3.0.12_for_uclinux/mg-samples-3.0.12/missing --run aclocal-1.11'
AMDEPBACKSLASH='\'
AMDEP_FALSE='#'
AMDEP_TRUE=''
AMTAR='$${TAR-tar}'
AUTOCONF='${SHELL} /home/hujiafu/minigui/mg-sample-3.0.12_for_uclinux/mg-samples-3.0.12/missing --run autoconf'
AUTOHEADER='${SHELL} /home/hujiafu/minigui/mg-sample-3.0.12_for_uclinux/mg-samples-3.0.12/missing --run autoheader'
AUTOMAKE='${SHELL} /home/hujiafu/minigui/mg-sample-3.0.12_for_uclinux/mg-samples-3.0.12/missing --run automake-1.11'
AWK='gawk'
CC='arm-uclinuxeabi-gcc'
CCDEPMODE='depmode=gcc3'
CFLAGS='-I. -I./include -I/home/hujiafu/uclinux/cortexm_uclinux-master/cross_tools/arm-2010q1-uclinux/arm-uclinuxeabi/include/c++/4.4.1 -I/home/hujiafu/uclinux/cortexm_uclinux-master/cross_tools/arm-2010q1-uclinux/arm-uclinuxeabi/libc/usr/include -I/usr/local/minigui/cross/arm/cortex-m3/include -mcpu=cortex-m3 -mthumb -static -Wall -Wstrict-prototypes -pipe'
CPP='arm-uclinuxeabi-cpp'
CPPFLAGS=''
CYGPATH_W='echo'
DEFS=''
DEPDIR='.deps'
ECHO_C=''
ECHO_N='-n'
ECHO_T=''
EGREP='/bin/grep -E'
EXEEXT=''
GREP='/bin/grep'
INSTALL_DATA='${INSTALL} -m 644'
INSTALL_PROGRAM='${INSTALL}'
INSTALL_SCRIPT='${INSTALL}'
INSTALL_STRIP_PROGRAM='$(install_sh) -c -s'
LDFLAGS='-L/home/hujiafu/uclinux/cortexm_uclinux-master/cross_tools/arm-2010q1-uclinux/arm-uclinuxeabi/libc/usr/lib -L/usr/local/minigui/cross/arm/cortex-m3/lib'
LIBOBJS=''
LIBS=''
LTLIBOBJS=''
MAKEINFO='${SHELL} /home/hujiafu/minigui/mg-sample-3.0.12_for_uclinux/mg-samples-3.0.12/missing --run makeinfo'
MGRM_PROCESSES_FALSE=''
MGRM_PROCESSES_TRUE='#'
MINIGUI_CFLAGS=''
MINIGUI_LIBS='-lminigui_ths -lpng -lts -lc -ljpeg -lz -lm -lpthread'
MKDIR_P='/bin/mkdir -p'
OBJEXT='o'
PACKAGE='mg-samples'
PACKAGE_BUGREPORT=''
PACKAGE_NAME=''
PACKAGE_STRING=''
PACKAGE_TARNAME=''
PACKAGE_URL=''
PACKAGE_VERSION=''
PATH_SEPARATOR=':'
PKG_CONFIG='/usr/bin/pkg-config'
PKG_CONFIG_LIBDIR=''
PKG_CONFIG_PATH=''
SET_MAKE=''
SHELL='/bin/bash'
STRIP='arm-linux-strip'
VERSION='3.0.12'
ac_ct_CC=''
am__EXEEXT_FALSE=''
am__EXEEXT_TRUE=''
am__fastdepCC_FALSE='#'
am__fastdepCC_TRUE=''
am__include='include'
am__isrc=''
am__leading_dot='.'
am__nodep='_no'
am__quote=''
am__tar='$${TAR-tar} chof - "$$tardir"'
am__untar='$${TAR-tar} xf -'
bindir='${exec_prefix}/bin'
build='i686-pc-linux-gnu'
build_alias='i686-linux'
build_cpu='i686'
build_os='linux-gnu'
build_vendor='pc'
datadir='${datarootdir}'
datarootdir='${prefix}/share'
docdir='${datarootdir}/doc/${PACKAGE}'
dvidir='${docdir}'
exec_prefix='NONE'
host='arm-unknown-linux-gnu'
host_alias='arm-linux'
host_cpu='arm'
host_os='linux-gnu'
host_vendor='unknown'
htmldir='${docdir}'
includedir='${prefix}/include'
infodir='${datarootdir}/info'
install_sh='${SHELL} /home/hujiafu/minigui/mg-sample-3.0.12_for_uclinux/mg-samples-3.0.12/install-sh'
libdir='${exec_prefix}/lib'
libexecdir='${exec_prefix}/libexec'
localedir='${datarootdir}/locale'
localstatedir='${prefix}/var'
mandir='${datarootdir}/man'
mkdir_p='/bin/mkdir -p'
oldincludedir='/usr/include'
pdfdir='${docdir}'
prefix='/usr/local/minigui/cross/arm/cortex-m3'
program_transform_name='s&^&arm-linux-&'
psdir='${docdir}'
sbindir='${exec_prefix}/sbin'
sharedstatedir='${prefix}/com'
sysconfdir='${prefix}/etc'
target='arm-unknown-linux-gnu'
target_alias='arm-linux'
target_cpu='arm'
target_os='linux-gnu'
target_vendor='unknown'

## ----------- ##
## confdefs.h. ##
## ----------- ##

/* confdefs.h */
#define PACKAGE_NAME ""
#define PACKAGE_TARNAME ""
#define PACKAGE_VERSION ""
#define PACKAGE_STRING ""
#define PACKAGE_BUGREPORT ""
#define PACKAGE_URL ""
#define PACKAGE "mg-samples"
#define VERSION "3.0.12"
#define STDC_HEADERS 1
#define HAVE_SYS_WAIT_H 1
#define TIME_WITH_SYS_TIME 1
#define HAVE_SYS_TYPES_H 1
#define HAVE_SYS_STAT_H 1
#define HAVE_STDLIB_H 1
#define HAVE_STRING_H 1
#define HAVE_MEMORY_H 1
#define HAVE_STRINGS_H 1
#define HAVE_INTTYPES_H 1
#define HAVE_STDINT_H 1
#define HAVE_UNISTD_H 1
#define HAVE_SYS_TIME_H 1
#define HAVE_UNISTD_H 1
#define HAVE_MINIGUI_COMMON_H 1
#define HAVE_DECL___NOUNIX__ 0
#define HAVE_DECL__MGRM_PROCESSES 0
#define _LANG_EN 1

configure: exit 1
